<?xml version="1.0" encoding="UTF-8"?>
<!-- Generated by org.testng.reporters.JUnitXMLReporter -->
<testsuite ignored="5" hostname="LAPTOP-ERGQ4PBO" failures="0" tests="1" name="Test" time="19.978" errors="0" timestamp="2025-07-07T07:22:18 IST">
  <testcase classname="testScripts.QALegendUserTest" name="addClient" time="11.425"/>
  <testcase classname="testScripts.QALegendUserTest" name="deleteInvoice" time="0.0">
    <ignored/>
  </testcase> <!-- deleteInvoice -->
  <testcase classname="testScripts.QALegendUserTest" name="deleteClient" time="0.0">
    <ignored/>
  </testcase> <!-- deleteClient -->
  <testcase classname="testScripts.QALegendUserTest" name="addPayment" time="0.0">
    <ignored/>
  </testcase> <!-- addPayment -->
  <testcase classname="testScripts.QALegendUserTest" name="editClient" time="0.0">
    <ignored/>
  </testcase> <!-- editClient -->
  <testcase classname="testScripts.QALegendUserTest" name="addInvoice" time="0.0">
    <ignored/>
  </testcase> <!-- addInvoice -->
</testsuite> <!-- Test -->
