<?xml version="1.0" encoding="UTF-8"?>
<!-- Generated by org.testng.reporters.JUnitXMLReporter -->
<testsuite ignored="6" hostname="LAPTOP-ERGQ4PBO" failures="1" tests="1" name="Test" time="11.475" errors="0" timestamp="2025-07-07T23:33:34 IST">
  <testcase classname="testScripts.QALegendUserTest" name="editClient" time="7.414">
    <failure type="java.lang.AssertionError" message="The following asserts failed:
	expected [ABC Tech] but found [ABC Tech330]">
      <![CDATA[java.lang.AssertionError: The following asserts failed:
expected [ABC Tech] but found [ABC Tech330]
at testScripts.QALegendUserTest.editClient(QALegendUserTest.java:40)
at java.base/java.util.ArrayList.forEach(ArrayList.java:1596)
... Removed 27 stack frames]]>
    </failure>
  </testcase> <!-- editClient -->
  <testcase classname="testScripts.QALegendUserTest" name="deletePayment" time="0.0">
    <ignored/>
  </testcase> <!-- deletePayment -->
  <testcase classname="testScripts.QALegendUserTest" name="addInvoice" time="0.0">
    <ignored/>
  </testcase> <!-- addInvoice -->
  <testcase classname="testScripts.QALegendUserTest" name="addPayment" time="0.0">
    <ignored/>
  </testcase> <!-- addPayment -->
  <testcase classname="testScripts.QALegendUserTest" name="deleteClient" time="0.0">
    <ignored/>
  </testcase> <!-- deleteClient -->
  <testcase classname="testScripts.QALegendUserTest" name="deleteInvoice" time="0.0">
    <ignored/>
  </testcase> <!-- deleteInvoice -->
  <testcase classname="testScripts.QALegendUserTest" name="addClient" time="0.0">
    <ignored/>
  </testcase> <!-- addClient -->
</testsuite> <!-- Test -->
