<?xml version="1.0" encoding="UTF-8"?>
<testng-results ignored="5" total="6" passed="1" failed="0" skipped="0">
  <reporter-output>
  </reporter-output>
  <suite started-at="2025-07-07T07:21:57 IST" name="Suite" finished-at="2025-07-07T07:22:17 IST" duration-ms="19978">
    <groups>
    </groups>
    <test started-at="2025-07-07T07:21:57 IST" name="Test" finished-at="2025-07-07T07:22:17 IST" duration-ms="19978">
      <class name="testScripts.QALegendUserTest">
        <test-method is-config="true" signature="intialization(java.lang.String)[pri:0, instance:testScripts.QALegendUserTest@305ffe9e]" started-at="2025-07-07T07:21:57 IST" name="intialization" finished-at="2025-07-07T07:22:06 IST" duration-ms="8463" status="PASS">
          <params>
            <param index="0">
              <value>
                <![CDATA[chrome]]>
              </value>
            </param>
          </params>
          <reporter-output>
          </reporter-output>
        </test-method> <!-- intialization -->
        <test-method signature="addClient()[pri:0, instance:testScripts.QALegendUserTest@305ffe9e]" started-at="2025-07-07T07:22:06 IST" name="addClient" finished-at="2025-07-07T07:22:17 IST" duration-ms="11425" status="PASS">
          <reporter-output>
          </reporter-output>
        </test-method> <!-- addClient -->
        <test-method is-config="true" signature="afterMethod(org.testng.ITestResult)[pri:0, instance:testScripts.QALegendUserTest@305ffe9e]" started-at="2025-07-07T07:22:17 IST" name="afterMethod" finished-at="2025-07-07T07:22:17 IST" duration-ms="0" status="PASS">
          <params>
            <param index="0">
              <value>
                <![CDATA[[TestResult name=addClient status=SUCCESS method=QALegendUserTest.addClient()[pri:0, instance:testScripts.QALegendUserTest@305ffe9e] output={null}]]]>
              </value>
            </param>
          </params>
          <reporter-output>
          </reporter-output>
        </test-method> <!-- afterMethod -->
      </class> <!-- testScripts.QALegendUserTest -->
    </test> <!-- Test -->
  </suite> <!-- Suite -->
</testng-results>
